<?xml version="1.0" encoding="UTF-8"?>
<!-- Generated by org.testng.reporters.JUnitXMLReporter -->
<testsuite ignored="0" hostname="DESKTOP-APUALTV" failures="1" tests="2" name="ChromeTest" time="40.772" errors="0" timestamp="2023-04-18T11:49:45 IST">
  <testcase classname="TestClass.Verifyregisterpage" name="validatemsgforallblankfield" time="7.138"/>
  <testcase classname="TestClass.Verifyregisterpage" name="validateinvalidformatofallfields" time="22.702">
    <failure type="java.lang.AssertionError" message="The following asserts failed:
	expected [Fistname is accept numeric value] but found [firstname should not accept numeric value],
	expected [lastname is accept numeric value] but found [lastname should not accept numeric value]">
      <![CDATA[java.lang.AssertionError: The following asserts failed:
expected [Fistname is accept numeric value] but found [firstname should not accept numeric value],
expected [lastname is accept numeric value] but found [lastname should not accept numeric value]
at TestClass.Verifyregisterpage.validateinvalidformatofallfields(Verifyregisterpage.java:148)
at java.base/java.util.ArrayList.forEach(ArrayList.java:1511)
... Removed 29 stack frames]]>
    </failure>
  </testcase> <!-- validateinvalidformatofallfields -->
</testsuite> <!-- ChromeTest -->
